app/build/intermediates/manifest_merge_blame_file/debug/manifest-merger-blame-debug-report.txt
1<?xml version="1.0" encoding="utf-8"?>
2<manifest xmlns:android="http://schemas.android.com/apk/res/android"
3    package="com.app.mobiloffice"
4    android:versionCode="12"
5    android:versionName="12.0.0" >
6
7    <uses-sdk
8        android:minSdkVersion="26"
9        android:targetSdkVersion="33" />
10
11    <uses-permission android:name="android.permission.INTERNET" />
11-->src/main/AndroidManifest.xml:5:5-67
11-->src/main/AndroidManifest.xml:5:22-64
12    <uses-permission android:name="android.permission.READ_EXTERNAL_STORAGE" />
12-->src/main/AndroidManifest.xml:6:5-80
12-->src/main/AndroidManifest.xml:6:22-77
13    <uses-permission android:name="android.permission.WRITE_EXTERNAL_STORAGE" />
13-->src/main/AndroidManifest.xml:7:5-81
13-->src/main/AndroidManifest.xml:7:22-78
14    <uses-permission android:name="android.permission.ACCESS_NETWORK_STATE" />
14-->[com.google.firebase:firebase-messaging:23.2.1] AndroidManifest.xml:22:5-79
14-->[com.google.firebase:firebase-messaging:23.2.1] AndroidManifest.xml:22:22-76
15    <uses-permission android:name="android.permission.POST_NOTIFICATIONS" />
15-->[com.google.firebase:firebase-messaging:23.2.1] AndroidManifest.xml:23:5-77
15-->[com.google.firebase:firebase-messaging:23.2.1] AndroidManifest.xml:23:22-74
16    <uses-permission android:name="android.permission.WAKE_LOCK" /> <!-- Required by older versions of Google Play services to create IID tokens -->
16-->[com.google.firebase:firebase-messaging:23.2.1] AndroidManifest.xml:24:5-68
16-->[com.google.firebase:firebase-messaging:23.2.1] AndroidManifest.xml:24:22-65
17    <uses-permission android:name="com.google.android.c2dm.permission.RECEIVE" />
17-->[com.google.firebase:firebase-messaging:23.2.1] AndroidManifest.xml:26:5-82
17-->[com.google.firebase:firebase-messaging:23.2.1] AndroidManifest.xml:26:22-79
18
19    <permission
19-->[androidx.core:core:1.11.0-alpha04] AndroidManifest.xml:22:5-24:47
20        android:name="com.app.mobiloffice.DYNAMIC_RECEIVER_NOT_EXPORTED_PERMISSION"
20-->[androidx.core:core:1.11.0-alpha04] AndroidManifest.xml:23:9-81
21        android:protectionLevel="signature" />
21-->[androidx.core:core:1.11.0-alpha04] AndroidManifest.xml:24:9-44
22
23    <uses-permission android:name="com.app.mobiloffice.DYNAMIC_RECEIVER_NOT_EXPORTED_PERMISSION" />
23-->[androidx.core:core:1.11.0-alpha04] AndroidManifest.xml:26:5-97
23-->[androidx.core:core:1.11.0-alpha04] AndroidManifest.xml:26:22-94
24
25    <application
25-->src/main/AndroidManifest.xml:9:5-39:19
26        android:name="com.app.mobiloffice.app.MobileOffice"
26-->src/main/AndroidManifest.xml:10:9-41
27        android:allowBackup="true"
27-->src/main/AndroidManifest.xml:11:9-35
28        android:appComponentFactory="androidx.core.app.CoreComponentFactory"
28-->[androidx.core:core:1.11.0-alpha04] AndroidManifest.xml:28:18-86
29        android:dataExtractionRules="@xml/data_extraction_rules"
29-->src/main/AndroidManifest.xml:12:9-65
30        android:debuggable="true"
31        android:extractNativeLibs="false"
32        android:fullBackupContent="@xml/backup_rules"
32-->src/main/AndroidManifest.xml:13:9-54
33        android:icon="@mipmap/ic_launcher"
33-->src/main/AndroidManifest.xml:14:9-43
34        android:label="@string/app_name"
34-->src/main/AndroidManifest.xml:15:9-41
35        android:requestLegacyExternalStorage="true"
35-->src/main/AndroidManifest.xml:16:9-52
36        android:roundIcon="@mipmap/ic_launcher_round"
36-->src/main/AndroidManifest.xml:17:9-54
37        android:supportsRtl="true"
37-->src/main/AndroidManifest.xml:18:9-35
38        android:testOnly="true"
39        android:theme="@style/Theme.MobilOffice" >
39-->src/main/AndroidManifest.xml:19:9-49
40        <activity
40-->src/main/AndroidManifest.xml:21:9-31:20
41            android:name="com.app.mobiloffice.splash.Splash"
41-->src/main/AndroidManifest.xml:22:13-42
42            android:exported="true"
42-->src/main/AndroidManifest.xml:23:13-36
43            android:theme="@style/Theme.MobilOffice" >
43-->src/main/AndroidManifest.xml:24:13-53
44            <intent-filter>
44-->src/main/AndroidManifest.xml:25:13-29:29
45                <action android:name="android.intent.action.MAIN" />
45-->src/main/AndroidManifest.xml:26:17-69
45-->src/main/AndroidManifest.xml:26:25-66
46
47                <category android:name="android.intent.category.LAUNCHER" />
47-->src/main/AndroidManifest.xml:28:17-77
47-->src/main/AndroidManifest.xml:28:27-74
48            </intent-filter>
49        </activity>
50        <activity
50-->src/main/AndroidManifest.xml:33:9-35:40
51            android:name="com.app.mobiloffice.MainActivity"
51-->src/main/AndroidManifest.xml:34:13-41
52            android:exported="false" />
52-->src/main/AndroidManifest.xml:35:13-37
53        <activity
53-->[:feature:home] AndroidManifest.xml:14:9-16:40
54            android:name="com.app.home.main.recents.RecentOps"
54-->[:feature:home] AndroidManifest.xml:15:13-63
55            android:exported="false" />
55-->[:feature:home] AndroidManifest.xml:16:13-37
56        <activity
56-->[:feature:adjustment] AndroidManifest.xml:14:9-16:40
57            android:name="com.app.adjustment.changepin.ChangePin"
57-->[:feature:adjustment] AndroidManifest.xml:15:13-66
58            android:exported="false" />
58-->[:feature:adjustment] AndroidManifest.xml:16:13-37
59        <activity
59-->[:feature:adjustment] AndroidManifest.xml:17:9-19:40
60            android:name="com.app.adjustment.changepassword.ChangePassword"
60-->[:feature:adjustment] AndroidManifest.xml:18:13-76
61            android:exported="false" />
61-->[:feature:adjustment] AndroidManifest.xml:19:13-37
62        <activity
62-->[:feature:adjustment] AndroidManifest.xml:20:9-22:40
63            android:name="com.app.adjustment.googleauth.ActivateAuth"
63-->[:feature:adjustment] AndroidManifest.xml:21:13-70
64            android:exported="false" />
64-->[:feature:adjustment] AndroidManifest.xml:22:13-37
65        <activity
65-->[:feature:transfer] AndroidManifest.xml:8:9-10:40
66            android:name="com.app.transfer.transfers.transferdetails.TransferDetails"
66-->[:feature:transfer] AndroidManifest.xml:9:13-86
67            android:exported="false" />
67-->[:feature:transfer] AndroidManifest.xml:10:13-37
68        <activity
68-->[:feature:transfer] AndroidManifest.xml:11:9-13:40
69            android:name="com.app.transfer.signatureauth.Signing"
69-->[:feature:transfer] AndroidManifest.xml:12:13-66
70            android:exported="false" />
70-->[:feature:transfer] AndroidManifest.xml:13:13-37
71
72        <receiver
72-->[com.google.firebase:firebase-messaging:23.2.1] AndroidManifest.xml:29:9-36:20
73            android:name="com.google.firebase.iid.FirebaseInstanceIdReceiver"
73-->[com.google.firebase:firebase-messaging:23.2.1] AndroidManifest.xml:30:13-78
74            android:exported="true"
74-->[com.google.firebase:firebase-messaging:23.2.1] AndroidManifest.xml:31:13-36
75            android:permission="com.google.android.c2dm.permission.SEND" >
75-->[com.google.firebase:firebase-messaging:23.2.1] AndroidManifest.xml:32:13-73
76            <intent-filter>
76-->[com.google.firebase:firebase-messaging:23.2.1] AndroidManifest.xml:33:13-35:29
77                <action android:name="com.google.android.c2dm.intent.RECEIVE" />
77-->[com.google.firebase:firebase-messaging:23.2.1] AndroidManifest.xml:34:17-81
77-->[com.google.firebase:firebase-messaging:23.2.1] AndroidManifest.xml:34:25-78
78            </intent-filter>
79        </receiver>
80        <!--
81             FirebaseMessagingService performs security checks at runtime,
82             but set to not exported to explicitly avoid allowing another app to call it.
83        -->
84        <service
84-->[com.google.firebase:firebase-messaging:23.2.1] AndroidManifest.xml:42:9-49:19
85            android:name="com.google.firebase.messaging.FirebaseMessagingService"
85-->[com.google.firebase:firebase-messaging:23.2.1] AndroidManifest.xml:43:13-82
86            android:directBootAware="true"
86-->[com.google.firebase:firebase-messaging:23.2.1] AndroidManifest.xml:44:13-43
87            android:exported="false" >
87-->[com.google.firebase:firebase-messaging:23.2.1] AndroidManifest.xml:45:13-37
88            <intent-filter android:priority="-500" >
88-->[com.google.firebase:firebase-messaging:23.2.1] AndroidManifest.xml:46:13-48:29
88-->[com.google.firebase:firebase-messaging:23.2.1] AndroidManifest.xml:46:28-51
89                <action android:name="com.google.firebase.MESSAGING_EVENT" />
89-->[com.google.firebase:firebase-messaging:23.2.1] AndroidManifest.xml:47:17-78
89-->[com.google.firebase:firebase-messaging:23.2.1] AndroidManifest.xml:47:25-75
90            </intent-filter>
91        </service>
92        <service
92-->[com.google.firebase:firebase-messaging:23.2.1] AndroidManifest.xml:50:9-56:19
93            android:name="com.google.firebase.components.ComponentDiscoveryService"
93-->[com.google.firebase:firebase-messaging:23.2.1] AndroidManifest.xml:51:13-84
94            android:directBootAware="true"
94-->[com.google.firebase:firebase-common:20.3.1] AndroidManifest.xml:34:13-43
95            android:exported="false" >
95-->[com.google.firebase:firebase-messaging:23.2.1] AndroidManifest.xml:52:13-37
96            <meta-data
96-->[com.google.firebase:firebase-messaging:23.2.1] AndroidManifest.xml:53:13-55:85
97                android:name="com.google.firebase.components:com.google.firebase.messaging.FirebaseMessagingRegistrar"
97-->[com.google.firebase:firebase-messaging:23.2.1] AndroidManifest.xml:54:17-119
98                android:value="com.google.firebase.components.ComponentRegistrar" />
98-->[com.google.firebase:firebase-messaging:23.2.1] AndroidManifest.xml:55:17-82
99            <meta-data
99-->[com.google.firebase:firebase-datatransport:18.1.7] AndroidManifest.xml:27:13-29:85
100                android:name="com.google.firebase.components:com.google.firebase.datatransport.TransportRegistrar"
100-->[com.google.firebase:firebase-datatransport:18.1.7] AndroidManifest.xml:28:17-115
101                android:value="com.google.firebase.components.ComponentRegistrar" />
101-->[com.google.firebase:firebase-datatransport:18.1.7] AndroidManifest.xml:29:17-82
102            <meta-data
102-->[com.google.firebase:firebase-installations:17.1.3] AndroidManifest.xml:17:13-19:85
103                android:name="com.google.firebase.components:com.google.firebase.installations.FirebaseInstallationsRegistrar"
103-->[com.google.firebase:firebase-installations:17.1.3] AndroidManifest.xml:18:17-127
104                android:value="com.google.firebase.components.ComponentRegistrar" />
104-->[com.google.firebase:firebase-installations:17.1.3] AndroidManifest.xml:19:17-82
105        </service>
106
107        <provider
107-->[com.google.firebase:firebase-common:20.3.1] AndroidManifest.xml:25:9-30:39
108            android:name="com.google.firebase.provider.FirebaseInitProvider"
108-->[com.google.firebase:firebase-common:20.3.1] AndroidManifest.xml:26:13-77
109            android:authorities="com.app.mobiloffice.firebaseinitprovider"
109-->[com.google.firebase:firebase-common:20.3.1] AndroidManifest.xml:27:13-72
110            android:directBootAware="true"
110-->[com.google.firebase:firebase-common:20.3.1] AndroidManifest.xml:28:13-43
111            android:exported="false"
111-->[com.google.firebase:firebase-common:20.3.1] AndroidManifest.xml:29:13-37
112            android:initOrder="100" />
112-->[com.google.firebase:firebase-common:20.3.1] AndroidManifest.xml:30:13-36
113
114        <activity
114-->[com.google.android.gms:play-services-base:18.0.1] AndroidManifest.xml:20:9-22:45
115            android:name="com.google.android.gms.common.api.GoogleApiActivity"
115-->[com.google.android.gms:play-services-base:18.0.1] AndroidManifest.xml:20:19-85
116            android:exported="false"
116-->[com.google.android.gms:play-services-base:18.0.1] AndroidManifest.xml:22:19-43
117            android:theme="@android:style/Theme.Translucent.NoTitleBar" />
117-->[com.google.android.gms:play-services-base:18.0.1] AndroidManifest.xml:21:19-78
118
119        <meta-data
119-->[com.google.android.gms:play-services-basement:18.1.0] AndroidManifest.xml:21:9-23:69
120            android:name="com.google.android.gms.version"
120-->[com.google.android.gms:play-services-basement:18.1.0] AndroidManifest.xml:22:13-58
121            android:value="@integer/google_play_services_version" />
121-->[com.google.android.gms:play-services-basement:18.1.0] AndroidManifest.xml:23:13-66
122
123        <activity
123-->[androidx.compose.ui:ui-test-manifest:1.5.0-alpha04] AndroidManifest.xml:23:9-25:39
124            android:name="androidx.activity.ComponentActivity"
124-->[androidx.compose.ui:ui-test-manifest:1.5.0-alpha04] AndroidManifest.xml:24:13-63
125            android:exported="true" />
125-->[androidx.compose.ui:ui-test-manifest:1.5.0-alpha04] AndroidManifest.xml:25:13-36
126
127        <provider
127-->[androidx.emoji2:emoji2:1.4.0-beta03] AndroidManifest.xml:24:9-32:20
128            android:name="androidx.startup.InitializationProvider"
128-->[androidx.emoji2:emoji2:1.4.0-beta03] AndroidManifest.xml:25:13-67
129            android:authorities="com.app.mobiloffice.androidx-startup"
129-->[androidx.emoji2:emoji2:1.4.0-beta03] AndroidManifest.xml:26:13-68
130            android:exported="false" >
130-->[androidx.emoji2:emoji2:1.4.0-beta03] AndroidManifest.xml:27:13-37
131            <meta-data
131-->[androidx.emoji2:emoji2:1.4.0-beta03] AndroidManifest.xml:29:13-31:52
132                android:name="androidx.emoji2.text.EmojiCompatInitializer"
132-->[androidx.emoji2:emoji2:1.4.0-beta03] AndroidManifest.xml:30:17-75
133                android:value="androidx.startup" />
133-->[androidx.emoji2:emoji2:1.4.0-beta03] AndroidManifest.xml:31:17-49
134            <meta-data
134-->[androidx.lifecycle:lifecycle-process:2.6.1] AndroidManifest.xml:29:13-31:52
135                android:name="androidx.lifecycle.ProcessLifecycleInitializer"
135-->[androidx.lifecycle:lifecycle-process:2.6.1] AndroidManifest.xml:30:17-78
136                android:value="androidx.startup" />
136-->[androidx.lifecycle:lifecycle-process:2.6.1] AndroidManifest.xml:31:17-49
137            <meta-data
137-->[androidx.profileinstaller:profileinstaller:1.3.0] AndroidManifest.xml:29:13-31:52
138                android:name="androidx.profileinstaller.ProfileInstallerInitializer"
138-->[androidx.profileinstaller:profileinstaller:1.3.0] AndroidManifest.xml:30:17-85
139                android:value="androidx.startup" />
139-->[androidx.profileinstaller:profileinstaller:1.3.0] AndroidManifest.xml:31:17-49
140        </provider>
141
142        <activity
142-->[androidx.compose.ui:ui-tooling:1.5.0-alpha04] AndroidManifest.xml:23:9-25:39
143            android:name="androidx.compose.ui.tooling.PreviewActivity"
143-->[androidx.compose.ui:ui-tooling:1.5.0-alpha04] AndroidManifest.xml:24:13-71
144            android:exported="true" />
144-->[androidx.compose.ui:ui-tooling:1.5.0-alpha04] AndroidManifest.xml:25:13-36
145
146        <service
146-->[com.google.android.datatransport:transport-backend-cct:3.1.8] AndroidManifest.xml:28:9-34:19
147            android:name="com.google.android.datatransport.runtime.backends.TransportBackendDiscovery"
147-->[com.google.android.datatransport:transport-backend-cct:3.1.8] AndroidManifest.xml:29:13-103
148            android:exported="false" >
148-->[com.google.android.datatransport:transport-backend-cct:3.1.8] AndroidManifest.xml:30:13-37
149            <meta-data
149-->[com.google.android.datatransport:transport-backend-cct:3.1.8] AndroidManifest.xml:31:13-33:39
150                android:name="backend:com.google.android.datatransport.cct.CctBackendFactory"
150-->[com.google.android.datatransport:transport-backend-cct:3.1.8] AndroidManifest.xml:32:17-94
151                android:value="cct" />
151-->[com.google.android.datatransport:transport-backend-cct:3.1.8] AndroidManifest.xml:33:17-36
152        </service>
153        <service
153-->[com.google.android.datatransport:transport-runtime:3.1.8] AndroidManifest.xml:26:9-30:19
154            android:name="com.google.android.datatransport.runtime.scheduling.jobscheduling.JobInfoSchedulerService"
154-->[com.google.android.datatransport:transport-runtime:3.1.8] AndroidManifest.xml:27:13-117
155            android:exported="false"
155-->[com.google.android.datatransport:transport-runtime:3.1.8] AndroidManifest.xml:28:13-37
156            android:permission="android.permission.BIND_JOB_SERVICE" >
156-->[com.google.android.datatransport:transport-runtime:3.1.8] AndroidManifest.xml:29:13-69
157        </service>
158
159        <receiver
159-->[com.google.android.datatransport:transport-runtime:3.1.8] AndroidManifest.xml:32:9-34:40
160            android:name="com.google.android.datatransport.runtime.scheduling.jobscheduling.AlarmManagerSchedulerBroadcastReceiver"
160-->[com.google.android.datatransport:transport-runtime:3.1.8] AndroidManifest.xml:33:13-132
161            android:exported="false" />
161-->[com.google.android.datatransport:transport-runtime:3.1.8] AndroidManifest.xml:34:13-37
162        <receiver
162-->[androidx.profileinstaller:profileinstaller:1.3.0] AndroidManifest.xml:34:9-52:20
163            android:name="androidx.profileinstaller.ProfileInstallReceiver"
163-->[androidx.profileinstaller:profileinstaller:1.3.0] AndroidManifest.xml:35:13-76
164            android:directBootAware="false"
164-->[androidx.profileinstaller:profileinstaller:1.3.0] AndroidManifest.xml:36:13-44
165            android:enabled="true"
165-->[androidx.profileinstaller:profileinstaller:1.3.0] AndroidManifest.xml:37:13-35
166            android:exported="true"
166-->[androidx.profileinstaller:profileinstaller:1.3.0] AndroidManifest.xml:38:13-36
167            android:permission="android.permission.DUMP" >
167-->[androidx.profileinstaller:profileinstaller:1.3.0] AndroidManifest.xml:39:13-57
168            <intent-filter>
168-->[androidx.profileinstaller:profileinstaller:1.3.0] AndroidManifest.xml:40:13-42:29
169                <action android:name="androidx.profileinstaller.action.INSTALL_PROFILE" />
169-->[androidx.profileinstaller:profileinstaller:1.3.0] AndroidManifest.xml:41:17-91
169-->[androidx.profileinstaller:profileinstaller:1.3.0] AndroidManifest.xml:41:25-88
170            </intent-filter>
171            <intent-filter>
171-->[androidx.profileinstaller:profileinstaller:1.3.0] AndroidManifest.xml:43:13-45:29
172                <action android:name="androidx.profileinstaller.action.SKIP_FILE" />
172-->[androidx.profileinstaller:profileinstaller:1.3.0] AndroidManifest.xml:44:17-85
172-->[androidx.profileinstaller:profileinstaller:1.3.0] AndroidManifest.xml:44:25-82
173            </intent-filter>
174            <intent-filter>
174-->[androidx.profileinstaller:profileinstaller:1.3.0] AndroidManifest.xml:46:13-48:29
175                <action android:name="androidx.profileinstaller.action.SAVE_PROFILE" />
175-->[androidx.profileinstaller:profileinstaller:1.3.0] AndroidManifest.xml:47:17-88
175-->[androidx.profileinstaller:profileinstaller:1.3.0] AndroidManifest.xml:47:25-85
176            </intent-filter>
177            <intent-filter>
177-->[androidx.profileinstaller:profileinstaller:1.3.0] AndroidManifest.xml:49:13-51:29
178                <action android:name="androidx.profileinstaller.action.BENCHMARK_OPERATION" />
178-->[androidx.profileinstaller:profileinstaller:1.3.0] AndroidManifest.xml:50:17-95
178-->[androidx.profileinstaller:profileinstaller:1.3.0] AndroidManifest.xml:50:25-92
179            </intent-filter>
180        </receiver>
181    </application>
182
183</manifest>